2021-06-29 13:39:48-INFO-VGG19_model.py-[line:20]-load_model  Function
2021-06-29 13:39:48-INFO-VGG19_model.py-[line:20]-load_model  Function
2021-06-29 13:40:35-INFO-VGG19_model.py-[line:20]-load_model  Function
2021-06-29 13:40:35-INFO-VGG19_model.py-[line:20]-load_model  Function
2021-06-29 13:40:35-INFO-VGG19_model.py-[line:20]-model_init  Function
2021-06-29 13:40:35-INFO-VGG19_model.py-[line:20]-model_init  Function
2021-06-29 13:41:11-INFO-File_monitor.py-[line:20]-file was deleted:E:\OneDrive\桌面\python_pics\f3c54833-7b3e-43bf-8d1d-a67a8c6cfd83___Crnl_L.Mold 8858.JPGTomato_Leaf_Mold.JPG
2021-06-29 13:41:11-INFO-File_monitor.py-[line:20]-file was deleted:E:\OneDrive\桌面\python_pics\f3c54833-7b3e-43bf-8d1d-a67a8c6cfd83___Crnl_L.Mold 8858.JPGTomato_Leaf_Mold.JPG
2021-06-29 13:42:52-INFO-File_monitor.py-[line:20]-file was created:E:\OneDrive\桌面\python_pics\f3c54833-7b3e-43bf-8d1d-a67a8c6cfd83___Crnl_L.Mold 8858.JPGTomato_Leaf_Mold.JPG
2021-06-29 13:42:52-INFO-File_monitor.py-[line:20]-file was created:E:\OneDrive\桌面\python_pics\f3c54833-7b3e-43bf-8d1d-a67a8c6cfd83___Crnl_L.Mold 8858.JPGTomato_Leaf_Mold.JPG
2021-06-29 13:42:52-INFO-Deep_pipline.py-[line:20]-Use Deep_pipline function!
2021-06-29 13:42:52-INFO-Deep_pipline.py-[line:20]-Use Deep_pipline function!
2021-06-29 13:42:52-INFO-Deep_pipline.py-[line:20]-Use Deep_pipline function!
2021-06-29 13:44:34-INFO-VGG19_model.py-[line:20]-load_model  Function
2021-06-29 13:44:34-INFO-VGG19_model.py-[line:20]-load_model  Function
2021-06-29 13:44:34-INFO-VGG19_model.py-[line:20]-model_init  Function
2021-06-29 13:44:34-INFO-VGG19_model.py-[line:20]-model_init  Function
2021-06-29 13:44:44-INFO-File_monitor.py-[line:20]-file was created:E:\OneDrive\桌面\python_pics\f2da011d-7004-40de-ba61-9e9fe12ad6b0___Crnl_L.Mold 7143.JPGTomato_Leaf_Mold.JPG
2021-06-29 13:44:44-INFO-File_monitor.py-[line:20]-file was created:E:\OneDrive\桌面\python_pics\f2da011d-7004-40de-ba61-9e9fe12ad6b0___Crnl_L.Mold 7143.JPGTomato_Leaf_Mold.JPG
2021-06-29 13:44:44-INFO-Deep_pipline.py-[line:20]-Use Deep_pipline function!
2021-06-29 13:44:44-INFO-Deep_pipline.py-[line:20]-Use Deep_pipline function!
2021-06-29 13:44:44-INFO-Deep_pipline.py-[line:20]-Use Deep_pipline function!
2021-06-29 13:45:51-INFO-VGG19_model.py-[line:20]-load_model  Function
2021-06-29 13:45:51-INFO-VGG19_model.py-[line:20]-load_model  Function
2021-06-29 13:45:51-INFO-VGG19_model.py-[line:20]-model_init  Function
2021-06-29 13:45:51-INFO-VGG19_model.py-[line:20]-model_init  Function
2021-06-29 13:46:31-INFO-File_monitor.py-[line:20]-file was created:E:\OneDrive\桌面\python_pics\f3c54833-7b3e-43bf-8d1d-a67a8c6cfd83___Crnl_L.Mold 8858.JPGTomato_Leaf_Mold.JPG
2021-06-29 13:46:31-INFO-File_monitor.py-[line:20]-file was created:E:\OneDrive\桌面\python_pics\f3c54833-7b3e-43bf-8d1d-a67a8c6cfd83___Crnl_L.Mold 8858.JPGTomato_Leaf_Mold.JPG
2021-06-29 13:46:31-INFO-Deep_pipline.py-[line:20]-Use Deep_pipline function!
2021-06-29 13:46:31-INFO-Deep_pipline.py-[line:20]-Use Deep_pipline function!
2021-06-29 13:46:31-INFO-Deep_pipline.py-[line:20]-Use Deep_pipline function!
2021-06-29 13:47:14-INFO-File_monitor.py-[line:20]-file was created:E:\OneDrive\桌面\python_pics\f2da011d-7004-40de-ba61-9e9fe12ad6b0___Crnl_L.Mold 7143.JPGTomato_Leaf_Mold.JPG
2021-06-29 13:47:14-INFO-File_monitor.py-[line:20]-file was created:E:\OneDrive\桌面\python_pics\f2da011d-7004-40de-ba61-9e9fe12ad6b0___Crnl_L.Mold 7143.JPGTomato_Leaf_Mold.JPG
2021-06-29 13:47:14-INFO-File_monitor.py-[line:20]-file was created:E:\OneDrive\桌面\python_pics\f2da011d-7004-40de-ba61-9e9fe12ad6b0___Crnl_L.Mold 7143.JPGTomato_Leaf_Mold.JPG
2021-06-29 13:47:14-INFO-Deep_pipline.py-[line:20]-Use Deep_pipline function!
2021-06-29 13:47:14-INFO-Deep_pipline.py-[line:20]-Use Deep_pipline function!
2021-06-29 13:47:14-INFO-Deep_pipline.py-[line:20]-Use Deep_pipline function!
2021-06-29 13:47:14-INFO-Deep_pipline.py-[line:20]-Use Deep_pipline function!
2021-06-29 13:47:25-INFO-File_monitor.py-[line:20]-file was created:E:\OneDrive\桌面\python_pics\f3b8f9e3-6c47-4797-9da6-d8b09e19048c___Crnl_L.Mold 9023.JPGTomato_Leaf_Mold.JPG
2021-06-29 13:47:25-INFO-File_monitor.py-[line:20]-file was created:E:\OneDrive\桌面\python_pics\f3b8f9e3-6c47-4797-9da6-d8b09e19048c___Crnl_L.Mold 9023.JPGTomato_Leaf_Mold.JPG
2021-06-29 13:47:25-INFO-File_monitor.py-[line:20]-file was created:E:\OneDrive\桌面\python_pics\f3b8f9e3-6c47-4797-9da6-d8b09e19048c___Crnl_L.Mold 9023.JPGTomato_Leaf_Mold.JPG
2021-06-29 13:47:25-INFO-File_monitor.py-[line:20]-file was created:E:\OneDrive\桌面\python_pics\f3b8f9e3-6c47-4797-9da6-d8b09e19048c___Crnl_L.Mold 9023.JPGTomato_Leaf_Mold.JPG
2021-06-29 13:47:25-INFO-Deep_pipline.py-[line:20]-Use Deep_pipline function!
2021-06-29 13:47:25-INFO-Deep_pipline.py-[line:20]-Use Deep_pipline function!
2021-06-29 13:47:25-INFO-Deep_pipline.py-[line:20]-Use Deep_pipline function!
2021-06-29 13:47:25-INFO-Deep_pipline.py-[line:20]-Use Deep_pipline function!
2021-06-29 13:47:25-INFO-Deep_pipline.py-[line:20]-Use Deep_pipline function!
2021-06-29 13:48:21-INFO-File_monitor.py-[line:20]-file was deleted:E:\OneDrive\桌面\python_pics\f3c54833-7b3e-43bf-8d1d-a67a8c6cfd83___Crnl_L.Mold 8858.JPGTomato_Leaf_Mold.JPG
2021-06-29 13:48:21-INFO-File_monitor.py-[line:20]-file was deleted:E:\OneDrive\桌面\python_pics\f3c54833-7b3e-43bf-8d1d-a67a8c6cfd83___Crnl_L.Mold 8858.JPGTomato_Leaf_Mold.JPG
2021-06-29 13:48:21-INFO-File_monitor.py-[line:20]-file was deleted:E:\OneDrive\桌面\python_pics\f3c54833-7b3e-43bf-8d1d-a67a8c6cfd83___Crnl_L.Mold 8858.JPGTomato_Leaf_Mold.JPG
2021-06-29 13:48:21-INFO-File_monitor.py-[line:20]-file was deleted:E:\OneDrive\桌面\python_pics\f3c54833-7b3e-43bf-8d1d-a67a8c6cfd83___Crnl_L.Mold 8858.JPGTomato_Leaf_Mold.JPG
2021-06-29 13:48:21-INFO-File_monitor.py-[line:20]-file was deleted:E:\OneDrive\桌面\python_pics\f3c54833-7b3e-43bf-8d1d-a67a8c6cfd83___Crnl_L.Mold 8858.JPGTomato_Leaf_Mold.JPG
2021-06-29 13:48:21-INFO-File_monitor.py-[line:20]-file was deleted:E:\OneDrive\桌面\python_pics\f3b8f9e3-6c47-4797-9da6-d8b09e19048c___Crnl_L.Mold 9023.JPGTomato_Leaf_Mold.JPG
2021-06-29 13:48:21-INFO-File_monitor.py-[line:20]-file was deleted:E:\OneDrive\桌面\python_pics\f3b8f9e3-6c47-4797-9da6-d8b09e19048c___Crnl_L.Mold 9023.JPGTomato_Leaf_Mold.JPG
2021-06-29 13:48:21-INFO-File_monitor.py-[line:20]-file was deleted:E:\OneDrive\桌面\python_pics\f3b8f9e3-6c47-4797-9da6-d8b09e19048c___Crnl_L.Mold 9023.JPGTomato_Leaf_Mold.JPG
2021-06-29 13:48:21-INFO-File_monitor.py-[line:20]-file was deleted:E:\OneDrive\桌面\python_pics\f3b8f9e3-6c47-4797-9da6-d8b09e19048c___Crnl_L.Mold 9023.JPGTomato_Leaf_Mold.JPG
2021-06-29 13:48:21-INFO-File_monitor.py-[line:20]-file was deleted:E:\OneDrive\桌面\python_pics\f3b8f9e3-6c47-4797-9da6-d8b09e19048c___Crnl_L.Mold 9023.JPGTomato_Leaf_Mold.JPG
2021-06-29 13:48:21-INFO-File_monitor.py-[line:20]-file was deleted:E:\OneDrive\桌面\python_pics\f2da011d-7004-40de-ba61-9e9fe12ad6b0___Crnl_L.Mold 7143.JPGTomato_Leaf_Mold.JPG
2021-06-29 13:48:21-INFO-File_monitor.py-[line:20]-file was deleted:E:\OneDrive\桌面\python_pics\f2da011d-7004-40de-ba61-9e9fe12ad6b0___Crnl_L.Mold 7143.JPGTomato_Leaf_Mold.JPG
2021-06-29 13:48:21-INFO-File_monitor.py-[line:20]-file was deleted:E:\OneDrive\桌面\python_pics\f2da011d-7004-40de-ba61-9e9fe12ad6b0___Crnl_L.Mold 7143.JPGTomato_Leaf_Mold.JPG
2021-06-29 13:48:21-INFO-File_monitor.py-[line:20]-file was deleted:E:\OneDrive\桌面\python_pics\f2da011d-7004-40de-ba61-9e9fe12ad6b0___Crnl_L.Mold 7143.JPGTomato_Leaf_Mold.JPG
2021-06-29 13:48:21-INFO-File_monitor.py-[line:20]-file was deleted:E:\OneDrive\桌面\python_pics\f2da011d-7004-40de-ba61-9e9fe12ad6b0___Crnl_L.Mold 7143.JPGTomato_Leaf_Mold.JPG
2021-06-29 13:48:36-INFO-File_monitor.py-[line:20]-file was created:E:\OneDrive\桌面\python_pics\f348eaf2-65ef-47b1-af84-ffdedc4599e9___RS_Late.B 4895.JPGTomato_Late_blight.JPG
2021-06-29 13:48:36-INFO-File_monitor.py-[line:20]-file was created:E:\OneDrive\桌面\python_pics\f348eaf2-65ef-47b1-af84-ffdedc4599e9___RS_Late.B 4895.JPGTomato_Late_blight.JPG
2021-06-29 13:48:36-INFO-File_monitor.py-[line:20]-file was created:E:\OneDrive\桌面\python_pics\f348eaf2-65ef-47b1-af84-ffdedc4599e9___RS_Late.B 4895.JPGTomato_Late_blight.JPG
2021-06-29 13:48:36-INFO-File_monitor.py-[line:20]-file was created:E:\OneDrive\桌面\python_pics\f348eaf2-65ef-47b1-af84-ffdedc4599e9___RS_Late.B 4895.JPGTomato_Late_blight.JPG
2021-06-29 13:48:36-INFO-File_monitor.py-[line:20]-file was created:E:\OneDrive\桌面\python_pics\f348eaf2-65ef-47b1-af84-ffdedc4599e9___RS_Late.B 4895.JPGTomato_Late_blight.JPG
2021-06-29 13:48:36-INFO-Deep_pipline.py-[line:20]-Use Deep_pipline function!
2021-06-29 13:48:36-INFO-Deep_pipline.py-[line:20]-Use Deep_pipline function!
2021-06-29 13:48:36-INFO-Deep_pipline.py-[line:20]-Use Deep_pipline function!
2021-06-29 13:48:36-INFO-Deep_pipline.py-[line:20]-Use Deep_pipline function!
2021-06-29 13:48:36-INFO-Deep_pipline.py-[line:20]-Use Deep_pipline function!
2021-06-29 13:48:36-INFO-Deep_pipline.py-[line:20]-Use Deep_pipline function!
2021-06-29 13:48:36-INFO-File_monitor.py-[line:20]-file was created:E:\OneDrive\桌面\python_pics\fa416dda-9685-490c-ad69-e857e205b1fb___GCREC_Bact.Sp 6181.JPGTomato_Bacterial_spot.JPG
2021-06-29 13:48:36-INFO-File_monitor.py-[line:20]-file was created:E:\OneDrive\桌面\python_pics\fa416dda-9685-490c-ad69-e857e205b1fb___GCREC_Bact.Sp 6181.JPGTomato_Bacterial_spot.JPG
2021-06-29 13:48:36-INFO-File_monitor.py-[line:20]-file was created:E:\OneDrive\桌面\python_pics\fa416dda-9685-490c-ad69-e857e205b1fb___GCREC_Bact.Sp 6181.JPGTomato_Bacterial_spot.JPG
2021-06-29 13:48:36-INFO-File_monitor.py-[line:20]-file was created:E:\OneDrive\桌面\python_pics\fa416dda-9685-490c-ad69-e857e205b1fb___GCREC_Bact.Sp 6181.JPGTomato_Bacterial_spot.JPG
2021-06-29 13:48:36-INFO-File_monitor.py-[line:20]-file was created:E:\OneDrive\桌面\python_pics\fa416dda-9685-490c-ad69-e857e205b1fb___GCREC_Bact.Sp 6181.JPGTomato_Bacterial_spot.JPG
2021-06-29 13:48:36-INFO-File_monitor.py-[line:20]-file was created:E:\OneDrive\桌面\python_pics\fa416dda-9685-490c-ad69-e857e205b1fb___GCREC_Bact.Sp 6181.JPGTomato_Bacterial_spot.JPG
2021-06-29 13:48:36-INFO-Deep_pipline.py-[line:20]-Use Deep_pipline function!
2021-06-29 13:48:36-INFO-Deep_pipline.py-[line:20]-Use Deep_pipline function!
2021-06-29 13:48:36-INFO-Deep_pipline.py-[line:20]-Use Deep_pipline function!
2021-06-29 13:48:36-INFO-Deep_pipline.py-[line:20]-Use Deep_pipline function!
2021-06-29 13:48:36-INFO-Deep_pipline.py-[line:20]-Use Deep_pipline function!
2021-06-29 13:48:36-INFO-Deep_pipline.py-[line:20]-Use Deep_pipline function!
2021-06-29 13:48:36-INFO-Deep_pipline.py-[line:20]-Use Deep_pipline function!
2021-06-29 13:48:36-INFO-File_monitor.py-[line:20]-file was created:E:\OneDrive\桌面\python_pics\f44c5128-2575-4fda-82c7-9954ead65027___GH_HL Leaf 384 - 副本.JPGTomato_healthy.JPG
2021-06-29 13:48:36-INFO-File_monitor.py-[line:20]-file was created:E:\OneDrive\桌面\python_pics\f44c5128-2575-4fda-82c7-9954ead65027___GH_HL Leaf 384 - 副本.JPGTomato_healthy.JPG
2021-06-29 13:48:36-INFO-File_monitor.py-[line:20]-file was created:E:\OneDrive\桌面\python_pics\f44c5128-2575-4fda-82c7-9954ead65027___GH_HL Leaf 384 - 副本.JPGTomato_healthy.JPG
2021-06-29 13:48:36-INFO-File_monitor.py-[line:20]-file was created:E:\OneDrive\桌面\python_pics\f44c5128-2575-4fda-82c7-9954ead65027___GH_HL Leaf 384 - 副本.JPGTomato_healthy.JPG
2021-06-29 13:48:36-INFO-File_monitor.py-[line:20]-file was created:E:\OneDrive\桌面\python_pics\f44c5128-2575-4fda-82c7-9954ead65027___GH_HL Leaf 384 - 副本.JPGTomato_healthy.JPG
2021-06-29 13:48:36-INFO-File_monitor.py-[line:20]-file was created:E:\OneDrive\桌面\python_pics\f44c5128-2575-4fda-82c7-9954ead65027___GH_HL Leaf 384 - 副本.JPGTomato_healthy.JPG
2021-06-29 13:48:36-INFO-File_monitor.py-[line:20]-file was created:E:\OneDrive\桌面\python_pics\f44c5128-2575-4fda-82c7-9954ead65027___GH_HL Leaf 384 - 副本.JPGTomato_healthy.JPG
2021-06-29 13:48:36-INFO-Deep_pipline.py-[line:20]-Use Deep_pipline function!
2021-06-29 13:48:36-INFO-Deep_pipline.py-[line:20]-Use Deep_pipline function!
2021-06-29 13:48:36-INFO-Deep_pipline.py-[line:20]-Use Deep_pipline function!
2021-06-29 13:48:36-INFO-Deep_pipline.py-[line:20]-Use Deep_pipline function!
2021-06-29 13:48:36-INFO-Deep_pipline.py-[line:20]-Use Deep_pipline function!
2021-06-29 13:48:36-INFO-Deep_pipline.py-[line:20]-Use Deep_pipline function!
2021-06-29 13:48:36-INFO-Deep_pipline.py-[line:20]-Use Deep_pipline function!
2021-06-29 13:48:36-INFO-Deep_pipline.py-[line:20]-Use Deep_pipline function!
2021-06-29 15:28:34-INFO-Log_inf.py-[line:20]-Use VGG19_model Function!
2021-06-29 15:28:34-INFO-Log_inf.py-[line:20]-load_model  Function
2021-06-29 15:28:34-INFO-Log_inf.py-[line:20]-model_init  Function
2021-06-29 15:28:47-INFO-Log_inf.py-[line:20]-load model success!
2021-06-29 15:30:24-INFO-Log_inf.py-[line:20]-file was created:E:\OneDrive\桌面\python_pics\f44c5128-2575-4fda-82c7-9954ead65027___GH_HL Leaf 384 - 副本.JPGTomato_healthy.JPG
2021-06-29 15:30:24-INFO-Log_inf.py-[line:20]-Use Deep_pipline function!
2021-06-29 15:31:04-INFO-Log_inf.py-[line:20]-file was deleted:E:\OneDrive\桌面\python_pics\f44c5128-2575-4fda-82c7-9954ead65027___GH_HL Leaf 384 - 副本.JPGTomato_healthy.JPG
2021-06-29 15:32:22-INFO-Log_inf.py-[line:20]-file was created:E:\OneDrive\桌面\python_pics\f348eaf2-65ef-47b1-af84-ffdedc4599e9___RS_Late.B 4895.JPGTomato_Late_blight.JPG
2021-06-29 15:32:22-INFO-Log_inf.py-[line:20]-Use Deep_pipline function!
2021-06-29 15:34:33-INFO-Log_inf.py-[line:20]-file was deleted:E:\OneDrive\桌面\python_pics\f348eaf2-65ef-47b1-af84-ffdedc4599e9___RS_Late.B 4895.JPGTomato_Late_blight.JPG
2021-06-29 20:07:34-INFO-Log_inf.py-[line:20]-Use VGG19_model Function!
2021-06-29 20:07:34-INFO-Log_inf.py-[line:20]-load_model  Function
2021-06-29 20:07:34-INFO-Log_inf.py-[line:20]-model_init  Function
2021-06-29 20:07:52-INFO-Log_inf.py-[line:20]-load model success!
2021-06-29 20:08:18-INFO-Log_inf.py-[line:20]-file was created:E:\OneDrive\桌面\python_pics\fa416dda-9685-490c-ad69-e857e205b1fb___GCREC_Bact.Sp 6181.JPGTomato_Bacterial_spot.JPG
2021-06-29 20:08:18-INFO-Log_inf.py-[line:20]-Use Deep_pipline function!
2021-06-29 20:08:38-INFO-Log_inf.py-[line:20]-file was deleted:E:\OneDrive\桌面\python_pics\f44c5128-2575-4fda-82c7-9954ead65027___GH_HL Leaf 384 - 副本.JPGTomato_healthy.JPG
2021-06-29 20:09:13-INFO-Log_inf.py-[line:20]-file was created:E:\OneDrive\桌面\python_pics\f348eaf2-65ef-47b1-af84-ffdedc4599e9___RS_Late.B 4895.JPGTomato_Late_blight.JPG
2021-06-29 20:09:13-INFO-Log_inf.py-[line:20]-Use Deep_pipline function!
2021-06-29 20:09:20-INFO-Log_inf.py-[line:20]-file was created:E:\OneDrive\桌面\python_pics\fa416dda-9685-490c-ad69-e857e205b1fb___GCREC_Bact.Sp 6181.JPGTomato_Bacterial_spot.JPG
2021-06-29 20:09:20-INFO-Log_inf.py-[line:20]-Use Deep_pipline function!
2021-06-29 20:09:20-INFO-Log_inf.py-[line:20]-file was deleted:E:\OneDrive\桌面\python_pics\fa416dda-9685-490c-ad69-e857e205b1fb___GCREC_Bact.Sp 6181.JPGTomato_Bacterial_spot.JPG
