2021-06-30 15:24:01-INFO-Log_inf.py-[line:20]-Use VGG19_model Function!
2021-06-30 15:24:01-INFO-Log_inf.py-[line:20]-load_model  Function
2021-06-30 15:24:01-INFO-Log_inf.py-[line:20]-model_init  Function
2021-06-30 15:24:12-INFO-Log_inf.py-[line:20]-load model success!
2021-06-30 15:24:22-INFO-Log_inf.py-[line:20]-file was created:../ftp_pictures\00a7c269-3476-4d25-b744-44d6353cd921___GCREC_Bact.Sp 5807.JPG
2021-06-30 15:24:22-INFO-Log_inf.py-[line:20]-Use Deep_pipline function!
2021-06-30 15:28:48-INFO-Log_inf.py-[line:20]-Use VGG19_model Function!
2021-06-30 15:28:48-INFO-Log_inf.py-[line:20]-load_model  Function
2021-06-30 15:28:48-INFO-Log_inf.py-[line:20]-model_init  Function
2021-06-30 15:28:56-INFO-Log_inf.py-[line:20]-load model success!
2021-06-30 15:29:02-INFO-Log_inf.py-[line:20]-file was created:../ftp_pictures\00a7c269-3476-4d25-b744-44d6353cd921___GCREC_Bact.Sp 5807.JPG
2021-06-30 15:29:02-INFO-Log_inf.py-[line:20]-Use Deep_pipline function!
2021-06-30 15:30:48-INFO-Log_inf.py-[line:20]-Use VGG19_model Function!
2021-06-30 15:30:48-INFO-Log_inf.py-[line:20]-load_model  Function
2021-06-30 15:30:48-INFO-Log_inf.py-[line:20]-model_init  Function
2021-06-30 15:30:50-INFO-Log_inf.py-[line:20]-load model success!
2021-06-30 15:30:53-INFO-Log_inf.py-[line:20]-file was created:../ftp_pictures\00a7c269-3476-4d25-b744-44d6353cd921___GCREC_Bact.Sp 5807.JPG
2021-06-30 15:30:53-INFO-Log_inf.py-[line:20]-Use Deep_pipline function!
2021-06-30 15:44:27-INFO-Log_inf.py-[line:20]-Use VGG19_model Function!
2021-06-30 15:44:27-INFO-Log_inf.py-[line:20]-load_model  Function
2021-06-30 15:44:27-INFO-Log_inf.py-[line:20]-model_init  Function
2021-06-30 15:44:38-INFO-Log_inf.py-[line:20]-load model success!
2021-06-30 15:44:49-INFO-Log_inf.py-[line:20]-file was created:../ftp_pictures\00a7c269-3476-4d25-b744-44d6353cd921___GCREC_Bact.Sp 5807.JPG
2021-06-30 15:44:49-INFO-Log_inf.py-[line:20]-Use Deep_pipline function!
2021-06-30 15:50:42-INFO-Log_inf.py-[line:20]-Use VGG19_model Function!
2021-06-30 15:50:42-INFO-Log_inf.py-[line:20]-load_model  Function
2021-06-30 15:50:42-INFO-Log_inf.py-[line:20]-model_init  Function
2021-06-30 15:50:53-INFO-Log_inf.py-[line:20]-load model success!
2021-06-30 15:51:34-INFO-Log_inf.py-[line:20]-file was created:../ftp_pictures\00a7c269-3476-4d25-b744-44d6353cd921___GCREC_Bact.Sp 5807.JPG
2021-06-30 15:51:34-INFO-Log_inf.py-[line:20]-Use Deep_pipline function!
2021-06-30 15:54:49-INFO-Log_inf.py-[line:20]-file was deleted:../ftp_pictures\00a7c269-3476-4d25-b744-44d6353cd921___GCREC_Bact.Sp 5807.JPG
2021-06-30 15:55:10-INFO-Log_inf.py-[line:20]-Use VGG19_model Function!
2021-06-30 15:55:10-INFO-Log_inf.py-[line:20]-load_model  Function
2021-06-30 15:55:10-INFO-Log_inf.py-[line:20]-model_init  Function
2021-06-30 15:55:11-INFO-Log_inf.py-[line:20]-load model success!
2021-06-30 15:55:21-INFO-Log_inf.py-[line:20]-file was created:../ftp_pictures\00a7c269-3476-4d25-b744-44d6353cd921___GCREC_Bact.Sp 5807.JPG
2021-06-30 15:55:21-INFO-Log_inf.py-[line:20]-Use Deep_pipline function!
2021-06-30 16:21:04-INFO-Log_inf.py-[line:20]-Use VGG19_model Function!
2021-06-30 16:21:04-INFO-Log_inf.py-[line:20]-load_model  Function
2021-06-30 16:21:04-INFO-Log_inf.py-[line:20]-model_init  Function
2021-06-30 16:21:23-INFO-Log_inf.py-[line:20]-load model success!
2021-06-30 16:21:40-INFO-Log_inf.py-[line:20]-file was created:../ftp_pictures\00a7c269-3476-4d25-b744-44d6353cd921___GCREC_Bact.Sp 5807.JPG
2021-06-30 16:21:40-INFO-Log_inf.py-[line:20]-Use Deep_pipline function!
2021-06-30 16:29:21-INFO-Log_inf.py-[line:20]-Use VGG19_model Function!
2021-06-30 16:29:21-INFO-Log_inf.py-[line:20]-load_model  Function
2021-06-30 16:29:21-INFO-Log_inf.py-[line:20]-model_init  Function
2021-06-30 16:29:26-INFO-Log_inf.py-[line:20]-load model success!
2021-06-30 16:29:38-INFO-Log_inf.py-[line:20]-file was created:../ftp_pictures\00a7c269-3476-4d25-b744-44d6353cd921___GCREC_Bact.Sp 5807.JPG
2021-06-30 16:29:38-INFO-Log_inf.py-[line:20]-Use Deep_pipline function!
2021-06-30 16:30:25-INFO-Log_inf.py-[line:20]-file was deleted:../ftp_pictures\00a7c269-3476-4d25-b744-44d6353cd921___GCREC_Bact.Sp 5807.JPG
2021-06-30 16:30:28-INFO-Log_inf.py-[line:20]-file was created:../ftp_pictures\00a7c269-3476-4d25-b744-44d6353cd921___GCREC_Bact.Sp 5807.JPG
2021-06-30 16:30:28-INFO-Log_inf.py-[line:20]-Use Deep_pipline function!
2021-06-30 16:30:53-INFO-Log_inf.py-[line:20]-Use VGG19_model Function!
2021-06-30 16:30:53-INFO-Log_inf.py-[line:20]-load_model  Function
2021-06-30 16:30:53-INFO-Log_inf.py-[line:20]-model_init  Function
2021-06-30 16:30:55-INFO-Log_inf.py-[line:20]-load model success!
2021-06-30 16:31:00-INFO-Log_inf.py-[line:20]-file was deleted:../ftp_pictures\00a7c269-3476-4d25-b744-44d6353cd921___GCREC_Bact.Sp 5807.JPG
2021-06-30 16:31:27-INFO-Log_inf.py-[line:20]-file was created:../ftp_pictures\00a7c269-3476-4d25-b744-44d6353cd921___GCREC_Bact.Sp 5807.JPG
2021-06-30 16:31:27-INFO-Log_inf.py-[line:20]-Use Deep_pipline function!
2021-06-30 16:33:30-INFO-Log_inf.py-[line:20]-file was created:../ftp_pictures\0a9b3ff4-5343-4814-ac2c-fdb3613d4e4d___Crnl_L.Mold 6559.JPG
2021-06-30 16:33:30-INFO-Log_inf.py-[line:20]-Use Deep_pipline function!
2021-06-30 16:35:42-INFO-Log_inf.py-[line:20]-Use VGG19_model Function!
2021-06-30 16:35:42-INFO-Log_inf.py-[line:20]-load_model  Function
2021-06-30 16:35:42-INFO-Log_inf.py-[line:20]-model_init  Function
2021-06-30 16:35:46-INFO-Log_inf.py-[line:20]-load model success!
2021-06-30 16:35:49-INFO-Log_inf.py-[line:20]-file was created:../ftp_pictures\00a7c269-3476-4d25-b744-44d6353cd921___GCREC_Bact.Sp 5807.JPG
2021-06-30 16:35:49-INFO-Log_inf.py-[line:20]-Use Deep_pipline function!
2021-06-30 16:36:28-INFO-Log_inf.py-[line:20]-Use VGG19_model Function!
2021-06-30 16:36:28-INFO-Log_inf.py-[line:20]-load_model  Function
2021-06-30 16:36:28-INFO-Log_inf.py-[line:20]-model_init  Function
2021-06-30 16:36:30-INFO-Log_inf.py-[line:20]-load model success!
2021-06-30 16:36:40-INFO-Log_inf.py-[line:20]-file was deleted:../ftp_pictures\00a7c269-3476-4d25-b744-44d6353cd921___GCREC_Bact.Sp 5807.JPG
2021-06-30 16:36:42-INFO-Log_inf.py-[line:20]-file was created:../ftp_pictures\00a7c269-3476-4d25-b744-44d6353cd921___GCREC_Bact.Sp 5807.JPG
2021-06-30 16:36:42-INFO-Log_inf.py-[line:20]-Use Deep_pipline function!
2021-06-30 16:39:12-INFO-Log_inf.py-[line:20]-Use VGG19_model Function!
2021-06-30 16:39:12-INFO-Log_inf.py-[line:20]-load_model  Function
2021-06-30 16:39:12-INFO-Log_inf.py-[line:20]-model_init  Function
2021-06-30 16:39:14-INFO-Log_inf.py-[line:20]-load model success!
2021-06-30 16:39:17-INFO-Log_inf.py-[line:20]-file was created:../ftp_pictures\00a7c269-3476-4d25-b744-44d6353cd921___GCREC_Bact.Sp 5807.JPG
2021-06-30 16:39:17-INFO-Log_inf.py-[line:20]-Use Deep_pipline function!
2021-06-30 16:39:57-INFO-Log_inf.py-[line:20]-Use VGG19_model Function!
2021-06-30 16:39:57-INFO-Log_inf.py-[line:20]-load_model  Function
2021-06-30 16:39:57-INFO-Log_inf.py-[line:20]-model_init  Function
2021-06-30 16:39:59-INFO-Log_inf.py-[line:20]-load model success!
2021-06-30 16:40:07-INFO-Log_inf.py-[line:20]-file was created:../ftp_pictures\00a7c269-3476-4d25-b744-44d6353cd921___GCREC_Bact.Sp 5807.JPG
2021-06-30 16:40:07-INFO-Log_inf.py-[line:20]-Use Deep_pipline function!
2021-06-30 16:42:54-INFO-Log_inf.py-[line:20]-Use VGG19_model Function!
2021-06-30 16:42:54-INFO-Log_inf.py-[line:20]-load_model  Function
2021-06-30 16:42:54-INFO-Log_inf.py-[line:20]-model_init  Function
2021-06-30 16:42:55-INFO-Log_inf.py-[line:20]-load model success!
2021-06-30 16:42:57-INFO-Log_inf.py-[line:20]-file was created:../ftp_pictures\00a7c269-3476-4d25-b744-44d6353cd921___GCREC_Bact.Sp 5807.JPG
2021-06-30 16:42:57-INFO-Log_inf.py-[line:20]-Use Deep_pipline function!
2021-06-30 16:43:58-INFO-Log_inf.py-[line:20]-Use VGG19_model Function!
2021-06-30 16:43:58-INFO-Log_inf.py-[line:20]-load_model  Function
2021-06-30 16:43:58-INFO-Log_inf.py-[line:20]-model_init  Function
2021-06-30 16:44:00-INFO-Log_inf.py-[line:20]-load model success!
2021-06-30 16:44:09-INFO-Log_inf.py-[line:20]-file was created:../ftp_pictures\00a7c269-3476-4d25-b744-44d6353cd921___GCREC_Bact.Sp 5807.JPG
2021-06-30 16:44:09-INFO-Log_inf.py-[line:20]-Use Deep_pipline function!
2021-06-30 16:45:04-INFO-Log_inf.py-[line:20]-Use VGG19_model Function!
2021-06-30 16:45:04-INFO-Log_inf.py-[line:20]-load_model  Function
2021-06-30 16:45:04-INFO-Log_inf.py-[line:20]-model_init  Function
2021-06-30 16:45:07-INFO-Log_inf.py-[line:20]-load model success!
2021-06-30 16:45:20-INFO-Log_inf.py-[line:20]-file was created:../ftp_pictures\0adab1d4-5696-4cd8-8453-3931b70e856d___Crnl_L.Mold 8689.JPG
2021-06-30 16:45:20-INFO-Log_inf.py-[line:20]-Use Deep_pipline function!
2021-06-30 16:49:43-INFO-Log_inf.py-[line:20]-file was created:../ftp_pictures\00a7c269-3476-4d25-b744-44d6353cd921___GCREC_Bact.Sp 5807.JPG
2021-06-30 16:49:43-INFO-Log_inf.py-[line:20]-Use Deep_pipline function!
2021-06-30 16:53:01-INFO-Log_inf.py-[line:20]-file was created:../ftp_pictures\0ae36892-5cb1-476e-8a51-b7fd8183a535___Crnl_L.Mold 6728.JPG
2021-06-30 16:53:01-INFO-Log_inf.py-[line:20]-Use Deep_pipline function!
2021-06-30 17:02:49-INFO-Log_inf.py-[line:20]-Use VGG19_model Function!
2021-06-30 17:02:49-INFO-Log_inf.py-[line:20]-load_model  Function
2021-06-30 17:02:49-INFO-Log_inf.py-[line:20]-model_init  Function
2021-06-30 17:02:51-INFO-Log_inf.py-[line:20]-load model success!
2021-06-30 17:03:18-INFO-Log_inf.py-[line:20]-file was created:../ftp_pictures\0b943ada-01a9-4ce0-a607-e799394856de___Crnl_L.Mold 7008.JPG
2021-06-30 17:03:18-INFO-Log_inf.py-[line:20]-Use Deep_pipline function!
2021-06-30 17:03:26-INFO-Log_inf.py-[line:20]-file was deleted:../ftp_pictures\0b943ada-01a9-4ce0-a607-e799394856de___Crnl_L.Mold 7008.JPG
2021-06-30 17:07:51-INFO-Log_inf.py-[line:20]-file was created:../ftp_pictures\0b3d5bf2-607f-4f95-bdcd-3542b8bd3244___Crnl_L.Mold 6654.JPG
2021-06-30 17:07:51-INFO-Log_inf.py-[line:20]-Use Deep_pipline function!
2021-06-30 17:08:08-INFO-Log_inf.py-[line:20]-file was deleted:../ftp_pictures\0b3d5bf2-607f-4f95-bdcd-3542b8bd3244___Crnl_L.Mold 6654.JPG
2021-06-30 17:14:53-INFO-Log_inf.py-[line:20]-file was created:../ftp_pictures\0c0debed-e807-4236-a2e3-d9b72f54367f___Crnl_L.Mold 6899.JPG
2021-06-30 17:14:53-INFO-Log_inf.py-[line:20]-Use Deep_pipline function!
2021-06-30 17:16:22-INFO-Log_inf.py-[line:20]-file was created:../ftp_pictures\2dc1abcc-a84b-4317-8865-9d2c195d4cb8___Crnl_L.Mold 8901.JPG
2021-06-30 17:16:22-INFO-Log_inf.py-[line:20]-Use Deep_pipline function!
2021-06-30 17:16:45-INFO-Log_inf.py-[line:20]-file was deleted:../ftp_pictures\0c0debed-e807-4236-a2e3-d9b72f54367f___Crnl_L.Mold 6899.JPG
2021-06-30 17:17:14-INFO-Log_inf.py-[line:20]-file was created:../ftp_pictures\1d25cb12-499f-453f-9a62-dbc3fd20b220___Crnl_L.Mold 7061.JPG
2021-06-30 17:17:14-INFO-Log_inf.py-[line:20]-Use Deep_pipline function!
2021-06-30 17:17:29-INFO-Log_inf.py-[line:20]-file was deleted:../ftp_pictures\1d25cb12-499f-453f-9a62-dbc3fd20b220___Crnl_L.Mold 7061.JPG
2021-06-30 17:19:02-INFO-Log_inf.py-[line:20]-file was created:../ftp_pictures\0b943ada-01a9-4ce0-a607-e799394856de___Crnl_L.Mold 7008.JPG
2021-06-30 17:19:02-INFO-Log_inf.py-[line:20]-Use Deep_pipline function!
2021-06-30 17:19:09-INFO-Log_inf.py-[line:20]-file was deleted:../ftp_pictures\0b943ada-01a9-4ce0-a607-e799394856de___Crnl_L.Mold 7008.JPG
2021-06-30 17:30:59-INFO-Log_inf.py-[line:20]-file was created:../ftp_pictures\新建文本文档.txt
2021-06-30 17:30:59-INFO-Log_inf.py-[line:20]-Use Deep_pipline function!
2021-06-30 17:31:12-INFO-Log_inf.py-[line:20]-file was deleted:../ftp_pictures\新建文本文档.txt
2021-06-30 17:33:24-INFO-Log_inf.py-[line:20]-file was created:../ftp_pictures\0a2726e0-3358-4a46-b6dc-563a5a9f2bdf___RS_Erly.B 7860.JPG
2021-06-30 17:33:24-INFO-Log_inf.py-[line:20]-Use Deep_pipline function!
2021-06-30 17:34:41-INFO-Log_inf.py-[line:20]-file was deleted:../ftp_pictures\00a7c269-3476-4d25-b744-44d6353cd921___GCREC_Bact.Sp 5807.JPG
2021-06-30 17:34:41-INFO-Log_inf.py-[line:20]-file was deleted:../ftp_pictures\0a2726e0-3358-4a46-b6dc-563a5a9f2bdf___RS_Erly.B 7860.JPG
2021-06-30 17:34:41-INFO-Log_inf.py-[line:20]-file was deleted:../ftp_pictures\2dc1abcc-a84b-4317-8865-9d2c195d4cb8___Crnl_L.Mold 8901.JPG
2021-06-30 17:36:20-INFO-Log_inf.py-[line:20]-file was created:../ftp_pictures\0eda4dc5-7f7b-4e27-9e53-1e0326eef88e___Crnl_L.Mold 8850.JPG
2021-06-30 17:36:20-INFO-Log_inf.py-[line:20]-Use Deep_pipline function!
2021-06-30 17:36:36-INFO-Log_inf.py-[line:20]-file was deleted:../ftp_pictures\0eda4dc5-7f7b-4e27-9e53-1e0326eef88e___Crnl_L.Mold 8850.JPG
2021-06-30 17:37:14-INFO-Log_inf.py-[line:20]-file was created:../ftp_pictures\1c03ffcb-9476-453c-96be-5bd1f629b2d1___Crnl_L.Mold 8853.JPG
2021-06-30 17:37:14-INFO-Log_inf.py-[line:20]-Use Deep_pipline function!
2021-06-30 17:39:04-INFO-Log_inf.py-[line:20]-file was created:../ftp_pictures\0ba88812-fa4f-4602-bcec-c03cd7d0ba2b___Crnl_L.Mold 6990.JPG
2021-06-30 17:39:04-INFO-Log_inf.py-[line:20]-Use Deep_pipline function!
2021-06-30 17:39:19-INFO-Log_inf.py-[line:20]-file was deleted:../ftp_pictures\0ba88812-fa4f-4602-bcec-c03cd7d0ba2b___Crnl_L.Mold 6990.JPG
2021-06-30 17:39:19-INFO-Log_inf.py-[line:20]-file was deleted:../ftp_pictures\1c03ffcb-9476-453c-96be-5bd1f629b2d1___Crnl_L.Mold 8853.JPG
2021-06-30 17:41:47-INFO-Log_inf.py-[line:20]-file was created:../ftp_pictures\02a29ab9-8cba-47a0-bc2f-e7af7dbae149___Crnl_L.Mold 7165.JPG
2021-06-30 17:41:47-INFO-Log_inf.py-[line:20]-Use Deep_pipline function!
2021-06-30 17:41:57-INFO-Log_inf.py-[line:20]-file was deleted:../ftp_pictures\02a29ab9-8cba-47a0-bc2f-e7af7dbae149___Crnl_L.Mold 7165.JPG
2021-06-30 17:43:47-INFO-Log_inf.py-[line:20]-file was created:../ftp_pictures\2a15214d-cee6-4359-8baa-7281f3fc0182___Crnl_L.Mold 8672.JPG
2021-06-30 17:43:47-INFO-Log_inf.py-[line:20]-Use Deep_pipline function!
2021-06-30 17:44:59-INFO-Log_inf.py-[line:20]-Use VGG19_model Function!
2021-06-30 17:44:59-INFO-Log_inf.py-[line:20]-load_model  Function
2021-06-30 17:44:59-INFO-Log_inf.py-[line:20]-model_init  Function
2021-06-30 17:45:02-INFO-Log_inf.py-[line:20]-load model success!
2021-06-30 17:46:34-INFO-Log_inf.py-[line:20]-file was created:../ftp_pictures\8c42c67d-817e-420b-8b70-92b4a32c46bc___Crnl_L.Mold 6501.JPG
2021-06-30 17:46:34-INFO-Log_inf.py-[line:20]-Use Deep_pipline function!
2021-06-30 17:47:21-INFO-Log_inf.py-[line:20]-file was deleted:../ftp_pictures\8c42c67d-817e-420b-8b70-92b4a32c46bc___Crnl_L.Mold 6501.JPG
2021-06-30 17:50:01-INFO-Log_inf.py-[line:20]-file was created:../ftp_pictures\0d54c850-da9a-498d-a636-ddeac067fd7e___Crnl_L.Mold 6746.JPG
2021-06-30 17:50:01-INFO-Log_inf.py-[line:20]-Use Deep_pipline function!
2021-06-30 17:54:03-INFO-Log_inf.py-[line:20]-file was created:../ftp_pictures\0a555f63-bf03-4958-8993-e1932b8dce9f___Crnl_L.Mold 9064.JPG
2021-06-30 17:54:03-INFO-Log_inf.py-[line:20]-Use Deep_pipline function!
2021-06-30 17:57:14-INFO-Log_inf.py-[line:20]-file was created:../ftp_pictures\1c03ffcb-9476-453c-96be-5bd1f629b2d1___Crnl_L.Mold 8853.JPG
2021-06-30 17:57:14-INFO-Log_inf.py-[line:20]-Use Deep_pipline function!
2021-06-30 18:00:04-INFO-Log_inf.py-[line:20]-file was created:../ftp_pictures\0db4cbf4-fa94-42c8-8bf5-90114281c569___Crnl_L.Mold 8681.JPG
2021-06-30 18:00:04-INFO-Log_inf.py-[line:20]-Use Deep_pipline function!
2021-06-30 18:02:32-INFO-Log_inf.py-[line:20]-file was created:../ftp_pictures\0b3d5bf2-607f-4f95-bdcd-3542b8bd3244___Crnl_L.Mold 6654.JPG
2021-06-30 18:02:32-INFO-Log_inf.py-[line:20]-Use Deep_pipline function!
2021-06-30 18:09:48-INFO-Log_inf.py-[line:20]-file was created:../ftp_pictures\0ba88812-fa4f-4602-bcec-c03cd7d0ba2b___Crnl_L.Mold 6990.JPG
2021-06-30 18:09:48-INFO-Log_inf.py-[line:20]-Use Deep_pipline function!
2021-06-30 18:10:16-INFO-Log_inf.py-[line:20]-file was created:../ftp_pictures\0c0debed-e807-4236-a2e3-d9b72f54367f___Crnl_L.Mold 6899.JPG
2021-06-30 18:10:16-INFO-Log_inf.py-[line:20]-Use Deep_pipline function!
2021-06-30 18:14:35-INFO-Log_inf.py-[line:20]-file was created:../ftp_pictures\2b8e612f-7448-44f7-899c-95b3c8291824___Crnl_L.Mold 6671.JPG
2021-06-30 18:14:35-INFO-Log_inf.py-[line:20]-Use Deep_pipline function!
2021-06-30 18:18:12-INFO-Log_inf.py-[line:20]-file was created:../ftp_pictures\0b943ada-01a9-4ce0-a607-e799394856de___Crnl_L.Mold 7008.JPG
2021-06-30 18:18:12-INFO-Log_inf.py-[line:20]-Use Deep_pipline function!
2021-06-30 18:18:30-INFO-Log_inf.py-[line:20]-file was created:../ftp_pictures\0bb34c9b-ecf7-4fb1-8ee1-098bccdcdaae___Crnl_L.Mold 6522.JPG
2021-06-30 18:18:30-INFO-Log_inf.py-[line:20]-Use Deep_pipline function!
