2021-05-30 13:29:46-INFO-VGG19_model.py-[line:20]-model_init  Function
2021-05-30 13:29:54-INFO-VGG19_model.py-[line:20]-train_test  Function
2021-05-30 13:29:54-INFO-Preprocess_data.py-[line:20]-Use Preprocess_data Function!
2021-05-30 13:29:54-INFO-Preprocess_data.py-[line:20]-Use Preprocess_data Function!
2021-05-30 13:29:54-INFO-Split_train_test.py-[line:20]-Use Split_train_test Function !
2021-05-30 13:29:54-INFO-Split_train_test.py-[line:20]-Use Split_train_test Function !
2021-05-30 13:29:54-INFO-Split_train_test.py-[line:20]-Use Split_train_test Function !
2021-05-30 13:29:54-INFO-Label_images.py-[line:20]-Use Label_images Function!
2021-05-30 13:29:54-INFO-Label_images.py-[line:20]-Use Label_images Function!
2021-05-30 13:29:54-INFO-Label_images.py-[line:20]-Use Label_images Function!
2021-05-30 13:29:54-INFO-Label_images.py-[line:20]-Use Label_images Function!
2021-05-30 13:29:54-INFO-Load_images.py-[line:20]-Use Load_Images Function!
2021-05-30 13:29:54-INFO-Load_images.py-[line:20]-Use Load_Images Function!
2021-05-30 13:29:54-INFO-Load_images.py-[line:20]-Use Load_Images Function!
2021-05-30 13:29:54-INFO-Load_images.py-[line:20]-Use Load_Images Function!
2021-05-30 13:29:54-INFO-Load_images.py-[line:20]-Use Load_Images Function!
2021-05-30 13:30:02-INFO-Deep_pipline.py-[line:20]-Use Deep_pipline function!
2021-05-30 13:30:02-INFO-Deep_pipline.py-[line:20]-Use Deep_pipline function!
2021-05-30 13:30:02-INFO-Deep_pipline.py-[line:20]-Use Deep_pipline function!
2021-05-30 13:30:02-INFO-Deep_pipline.py-[line:20]-Use Deep_pipline function!
2021-05-30 13:30:02-INFO-Deep_pipline.py-[line:20]-Use Deep_pipline function!
2021-05-30 13:30:02-INFO-Deep_pipline.py-[line:20]-Use Deep_pipline function!
2021-05-30 13:31:10-INFO-VGG19_model.py-[line:20]-model_train  Function
2021-05-30 13:31:10-INFO-VGG19_model.py-[line:20]-model_train  Function
2021-05-30 13:31:10-INFO-VGG19_model.py-[line:20]-model_train  Function
2021-05-30 13:31:10-INFO-VGG19_model.py-[line:20]-model_train  Function
2021-05-30 13:31:10-INFO-VGG19_model.py-[line:20]-model_train  Function
2021-05-30 13:31:10-INFO-VGG19_model.py-[line:20]-model_train  Function
